2020-03-29 12:20:45.917  INFO 18868 --- [main] com.jie.Application                      : Starting Application on DESKTOP-BNH1UPR with PID 18868 (started by Shinelon in F:\学习\第二学期\spiderdemo)
2020-03-29 12:20:45.944  INFO 18868 --- [main] com.jie.Application                      : No active profile set, falling back to default profiles: default
2020-03-29 12:20:47.700  INFO 18868 --- [main] trationDelegate$BeanPostProcessorChecker : Bean 'org.springframework.transaction.annotation.ProxyTransactionManagementConfiguration' of type [org.springframework.transaction.annotation.ProxyTransactionManagementConfiguration] is not eligible for getting processed by all BeanPostProcessors (for example: not eligible for auto-proxying)
2020-03-29 12:20:49.131  INFO 18868 --- [main] o.s.b.w.embedded.tomcat.TomcatWebServer  : Tomcat initialized with port(s): 8888 (http)
2020-03-29 12:20:49.147  INFO 18868 --- [main] o.apache.catalina.core.StandardService   : Starting service [Tomcat]
2020-03-29 12:20:49.147  INFO 18868 --- [main] org.apache.catalina.core.StandardEngine  : Starting Servlet engine: [Apache Tomcat/9.0.29]
2020-03-29 12:20:49.344  INFO 18868 --- [main] o.a.c.c.C.[Tomcat].[localhost].[/]       : Initializing Spring embedded WebApplicationContext
2020-03-29 12:20:49.344  INFO 18868 --- [main] o.s.web.context.ContextLoader            : Root WebApplicationContext: initialization completed in 3297 ms
2020-03-29 12:20:50.121  INFO 18868 --- [main] com.zaxxer.hikari.HikariDataSource       : HikariPool-1 - Starting...
2020-03-29 12:20:50.367  INFO 18868 --- [main] com.zaxxer.hikari.HikariDataSource       : HikariPool-1 - Start completed.
2020-03-29 12:20:54.523  INFO 18868 --- [main] pertySourcedRequestMappingHandlerMapping : Mapped URL path [/v2/api-docs] onto method [springfox.documentation.swagger2.web.Swagger2Controller#getDocumentation(String, HttpServletRequest)]
2020-03-29 12:20:54.634  INFO 18868 --- [main] o.s.s.concurrent.ThreadPoolTaskExecutor  : Initializing ExecutorService 'applicationTaskExecutor'
2020-03-29 12:20:54.915  INFO 18868 --- [main] d.s.w.p.DocumentationPluginsBootstrapper : Context refreshed
2020-03-29 12:20:54.936  INFO 18868 --- [main] d.s.w.p.DocumentationPluginsBootstrapper : Found 1 custom documentation plugin(s)
2020-03-29 12:20:54.973  INFO 18868 --- [main] s.d.s.w.s.ApiListingReferenceScanner     : Scanning for api listing references
2020-03-29 12:20:55.223  INFO 18868 --- [main] o.s.b.w.embedded.tomcat.TomcatWebServer  : Tomcat started on port(s): 8888 (http) with context path ''
2020-03-29 12:20:55.227  INFO 18868 --- [main] com.jie.Application                      : Started Application in 10.289 seconds (JVM running for 11.521)
2020-03-29 12:22:42.603  INFO 18868 --- [http-nio-8888-exec-1] o.a.c.c.C.[Tomcat].[localhost].[/]       : Initializing Spring DispatcherServlet 'dispatcherServlet'
2020-03-29 12:22:42.604  INFO 18868 --- [http-nio-8888-exec-1] o.s.web.servlet.DispatcherServlet        : Initializing Servlet 'dispatcherServlet'
2020-03-29 12:22:42.610  INFO 18868 --- [http-nio-8888-exec-1] o.s.web.servlet.DispatcherServlet        : Completed initialization in 6 ms
2020-03-29 12:22:42.788  INFO 18868 --- [http-nio-8888-exec-2] Logger                                   : admin 123456
2020-03-29 12:22:43.150  INFO 18868 --- [http-nio-8888-exec-2] Logger                                   : admin 登录成功
2020-03-29 12:26:08.593  INFO 18868 --- [http-nio-8888-exec-7] Logger                                   : 登出： 1
2020-03-29 12:33:46.589  INFO 19292 --- [main] com.jie.Application                      : Starting Application on DESKTOP-BNH1UPR with PID 19292 (started by Shinelon in F:\学习\第二学期\spiderdemo)
2020-03-29 12:33:46.593  INFO 19292 --- [main] com.jie.Application                      : No active profile set, falling back to default profiles: default
2020-03-29 12:33:47.814  INFO 19292 --- [main] trationDelegate$BeanPostProcessorChecker : Bean 'org.springframework.transaction.annotation.ProxyTransactionManagementConfiguration' of type [org.springframework.transaction.annotation.ProxyTransactionManagementConfiguration] is not eligible for getting processed by all BeanPostProcessors (for example: not eligible for auto-proxying)
2020-03-29 12:33:49.173  INFO 19292 --- [main] o.s.b.w.embedded.tomcat.TomcatWebServer  : Tomcat initialized with port(s): 8888 (http)
2020-03-29 12:33:49.183  INFO 19292 --- [main] o.apache.catalina.core.StandardService   : Starting service [Tomcat]
2020-03-29 12:33:49.183  INFO 19292 --- [main] org.apache.catalina.core.StandardEngine  : Starting Servlet engine: [Apache Tomcat/9.0.29]
2020-03-29 12:33:49.329  INFO 19292 --- [main] o.a.c.c.C.[Tomcat].[localhost].[/]       : Initializing Spring embedded WebApplicationContext
2020-03-29 12:33:49.329  INFO 19292 --- [main] o.s.web.context.ContextLoader            : Root WebApplicationContext: initialization completed in 2655 ms
2020-03-29 12:33:49.850  INFO 19292 --- [main] com.zaxxer.hikari.HikariDataSource       : HikariPool-1 - Starting...
2020-03-29 12:33:49.974  INFO 19292 --- [main] com.zaxxer.hikari.HikariDataSource       : HikariPool-1 - Start completed.
2020-03-29 12:33:53.754  INFO 19292 --- [main] pertySourcedRequestMappingHandlerMapping : Mapped URL path [/v2/api-docs] onto method [springfox.documentation.swagger2.web.Swagger2Controller#getDocumentation(String, HttpServletRequest)]
2020-03-29 12:33:53.842  INFO 19292 --- [main] o.s.s.concurrent.ThreadPoolTaskExecutor  : Initializing ExecutorService 'applicationTaskExecutor'
2020-03-29 12:33:53.972  INFO 19292 --- [main] d.s.w.p.DocumentationPluginsBootstrapper : Context refreshed
2020-03-29 12:33:54.032  INFO 19292 --- [main] d.s.w.p.DocumentationPluginsBootstrapper : Found 1 custom documentation plugin(s)
2020-03-29 12:33:54.062  INFO 19292 --- [main] s.d.s.w.s.ApiListingReferenceScanner     : Scanning for api listing references
2020-03-29 12:33:54.315  INFO 19292 --- [main] o.s.b.w.embedded.tomcat.TomcatWebServer  : Tomcat started on port(s): 8888 (http) with context path ''
2020-03-29 12:33:54.320  INFO 19292 --- [main] com.jie.Application                      : Started Application in 8.363 seconds (JVM running for 9.132)
2020-03-29 12:34:34.606  INFO 2884 --- [main] com.jie.Application                      : Starting Application on DESKTOP-BNH1UPR with PID 2884 (started by Shinelon in F:\学习\第二学期\spiderdemo)
2020-03-29 12:34:34.608  INFO 2884 --- [main] com.jie.Application                      : No active profile set, falling back to default profiles: default
2020-03-29 12:34:35.841  INFO 2884 --- [main] trationDelegate$BeanPostProcessorChecker : Bean 'org.springframework.transaction.annotation.ProxyTransactionManagementConfiguration' of type [org.springframework.transaction.annotation.ProxyTransactionManagementConfiguration] is not eligible for getting processed by all BeanPostProcessors (for example: not eligible for auto-proxying)
2020-03-29 12:34:37.158  INFO 2884 --- [main] o.s.b.w.embedded.tomcat.TomcatWebServer  : Tomcat initialized with port(s): 8888 (http)
2020-03-29 12:34:37.170  INFO 2884 --- [main] o.apache.catalina.core.StandardService   : Starting service [Tomcat]
2020-03-29 12:34:37.170  INFO 2884 --- [main] org.apache.catalina.core.StandardEngine  : Starting Servlet engine: [Apache Tomcat/9.0.29]
2020-03-29 12:34:37.312  INFO 2884 --- [main] o.a.c.c.C.[Tomcat].[localhost].[/]       : Initializing Spring embedded WebApplicationContext
2020-03-29 12:34:37.313  INFO 2884 --- [main] o.s.web.context.ContextLoader            : Root WebApplicationContext: initialization completed in 2650 ms
2020-03-29 12:34:37.911  INFO 2884 --- [main] com.zaxxer.hikari.HikariDataSource       : HikariPool-1 - Starting...
2020-03-29 12:34:38.043  INFO 2884 --- [main] com.zaxxer.hikari.HikariDataSource       : HikariPool-1 - Start completed.
2020-03-29 12:34:41.835  INFO 2884 --- [main] pertySourcedRequestMappingHandlerMapping : Mapped URL path [/v2/api-docs] onto method [springfox.documentation.swagger2.web.Swagger2Controller#getDocumentation(String, HttpServletRequest)]
2020-03-29 12:34:41.986  INFO 2884 --- [main] o.s.s.concurrent.ThreadPoolTaskExecutor  : Initializing ExecutorService 'applicationTaskExecutor'
2020-03-29 12:34:42.128  INFO 2884 --- [main] d.s.w.p.DocumentationPluginsBootstrapper : Context refreshed
2020-03-29 12:34:42.143  INFO 2884 --- [main] d.s.w.p.DocumentationPluginsBootstrapper : Found 1 custom documentation plugin(s)
2020-03-29 12:34:42.172  INFO 2884 --- [main] s.d.s.w.s.ApiListingReferenceScanner     : Scanning for api listing references
2020-03-29 12:34:42.414  INFO 2884 --- [main] o.s.b.w.embedded.tomcat.TomcatWebServer  : Tomcat started on port(s): 8888 (http) with context path ''
2020-03-29 12:34:42.418  INFO 2884 --- [main] com.jie.Application                      : Started Application in 8.472 seconds (JVM running for 9.489)
2020-03-29 12:35:13.227  INFO 2884 --- [http-nio-8888-exec-1] o.a.c.c.C.[Tomcat].[localhost].[/]       : Initializing Spring DispatcherServlet 'dispatcherServlet'
2020-03-29 12:35:13.228  INFO 2884 --- [http-nio-8888-exec-1] o.s.web.servlet.DispatcherServlet        : Initializing Servlet 'dispatcherServlet'
2020-03-29 12:35:13.237  INFO 2884 --- [http-nio-8888-exec-1] o.s.web.servlet.DispatcherServlet        : Completed initialization in 9 ms
2020-03-29 12:35:13.535  WARN 2884 --- [http-nio-8888-exec-1] .w.s.m.s.DefaultHandlerExceptionResolver : Resolved [org.springframework.web.HttpRequestMethodNotSupportedException: Request method 'GET' not supported]
2020-03-29 12:36:13.472  INFO 14380 --- [main] com.jie.Application                      : Starting Application on DESKTOP-BNH1UPR with PID 14380 (started by Shinelon in F:\学习\第二学期\spiderdemo)
2020-03-29 12:36:13.475  INFO 14380 --- [main] com.jie.Application                      : No active profile set, falling back to default profiles: default
2020-03-29 12:36:14.599  INFO 14380 --- [main] trationDelegate$BeanPostProcessorChecker : Bean 'org.springframework.transaction.annotation.ProxyTransactionManagementConfiguration' of type [org.springframework.transaction.annotation.ProxyTransactionManagementConfiguration] is not eligible for getting processed by all BeanPostProcessors (for example: not eligible for auto-proxying)
2020-03-29 12:36:15.922  INFO 14380 --- [main] o.s.b.w.embedded.tomcat.TomcatWebServer  : Tomcat initialized with port(s): 8888 (http)
2020-03-29 12:36:15.932  INFO 14380 --- [main] o.apache.catalina.core.StandardService   : Starting service [Tomcat]
2020-03-29 12:36:15.932  INFO 14380 --- [main] org.apache.catalina.core.StandardEngine  : Starting Servlet engine: [Apache Tomcat/9.0.29]
2020-03-29 12:36:16.080  INFO 14380 --- [main] o.a.c.c.C.[Tomcat].[localhost].[/]       : Initializing Spring embedded WebApplicationContext
2020-03-29 12:36:16.080  INFO 14380 --- [main] o.s.web.context.ContextLoader            : Root WebApplicationContext: initialization completed in 2533 ms
2020-03-29 12:36:16.618  INFO 14380 --- [main] com.zaxxer.hikari.HikariDataSource       : HikariPool-1 - Starting...
2020-03-29 12:36:16.738  INFO 14380 --- [main] com.zaxxer.hikari.HikariDataSource       : HikariPool-1 - Start completed.
2020-03-29 12:36:20.564  INFO 14380 --- [main] pertySourcedRequestMappingHandlerMapping : Mapped URL path [/v2/api-docs] onto method [springfox.documentation.swagger2.web.Swagger2Controller#getDocumentation(String, HttpServletRequest)]
2020-03-29 12:36:20.655  INFO 14380 --- [main] o.s.s.concurrent.ThreadPoolTaskExecutor  : Initializing ExecutorService 'applicationTaskExecutor'
2020-03-29 12:36:20.824  INFO 14380 --- [main] d.s.w.p.DocumentationPluginsBootstrapper : Context refreshed
2020-03-29 12:36:20.838  INFO 14380 --- [main] d.s.w.p.DocumentationPluginsBootstrapper : Found 1 custom documentation plugin(s)
2020-03-29 12:36:20.875  INFO 14380 --- [main] s.d.s.w.s.ApiListingReferenceScanner     : Scanning for api listing references
2020-03-29 12:36:21.130  INFO 14380 --- [main] o.s.b.w.embedded.tomcat.TomcatWebServer  : Tomcat started on port(s): 8888 (http) with context path ''
2020-03-29 12:36:21.134  INFO 14380 --- [main] com.jie.Application                      : Started Application in 8.273 seconds (JVM running for 9.001)
2020-03-29 12:36:41.552  INFO 14380 --- [http-nio-8888-exec-1] o.a.c.c.C.[Tomcat].[localhost].[/]       : Initializing Spring DispatcherServlet 'dispatcherServlet'
2020-03-29 12:36:41.552  INFO 14380 --- [http-nio-8888-exec-1] o.s.web.servlet.DispatcherServlet        : Initializing Servlet 'dispatcherServlet'
2020-03-29 12:36:41.558  INFO 14380 --- [http-nio-8888-exec-1] o.s.web.servlet.DispatcherServlet        : Completed initialization in 5 ms
2020-03-29 12:36:41.595  WARN 14380 --- [http-nio-8888-exec-1] .w.s.m.s.DefaultHandlerExceptionResolver : Resolved [org.springframework.http.converter.HttpMessageNotReadableException: Required request body is missing: public java.util.List<com.jie.model.ResourModel> com.jie.controller.DataController.search(java.lang.String)]
2020-03-29 12:44:15.475  INFO 18164 --- [main] com.jie.Application                      : Starting Application on DESKTOP-BNH1UPR with PID 18164 (started by Shinelon in F:\学习\第二学期\spiderdemo)
2020-03-29 12:44:15.479  INFO 18164 --- [main] com.jie.Application                      : No active profile set, falling back to default profiles: default
2020-03-29 12:44:16.761  INFO 18164 --- [main] trationDelegate$BeanPostProcessorChecker : Bean 'org.springframework.transaction.annotation.ProxyTransactionManagementConfiguration' of type [org.springframework.transaction.annotation.ProxyTransactionManagementConfiguration] is not eligible for getting processed by all BeanPostProcessors (for example: not eligible for auto-proxying)
2020-03-29 12:44:18.008  INFO 18164 --- [main] o.s.b.w.embedded.tomcat.TomcatWebServer  : Tomcat initialized with port(s): 8888 (http)
2020-03-29 12:44:18.017  INFO 18164 --- [main] o.apache.catalina.core.StandardService   : Starting service [Tomcat]
2020-03-29 12:44:18.017  INFO 18164 --- [main] org.apache.catalina.core.StandardEngine  : Starting Servlet engine: [Apache Tomcat/9.0.29]
2020-03-29 12:44:18.164  INFO 18164 --- [main] o.a.c.c.C.[Tomcat].[localhost].[/]       : Initializing Spring embedded WebApplicationContext
2020-03-29 12:44:18.164  INFO 18164 --- [main] o.s.web.context.ContextLoader            : Root WebApplicationContext: initialization completed in 2591 ms
2020-03-29 12:44:18.666  INFO 18164 --- [main] com.zaxxer.hikari.HikariDataSource       : HikariPool-1 - Starting...
2020-03-29 12:44:18.803  INFO 18164 --- [main] com.zaxxer.hikari.HikariDataSource       : HikariPool-1 - Start completed.
2020-03-29 12:44:22.398  INFO 18164 --- [main] pertySourcedRequestMappingHandlerMapping : Mapped URL path [/v2/api-docs] onto method [springfox.documentation.swagger2.web.Swagger2Controller#getDocumentation(String, HttpServletRequest)]
2020-03-29 12:44:22.489  INFO 18164 --- [main] o.s.s.concurrent.ThreadPoolTaskExecutor  : Initializing ExecutorService 'applicationTaskExecutor'
2020-03-29 12:44:22.642  INFO 18164 --- [main] d.s.w.p.DocumentationPluginsBootstrapper : Context refreshed
2020-03-29 12:44:22.708  INFO 18164 --- [main] d.s.w.p.DocumentationPluginsBootstrapper : Found 1 custom documentation plugin(s)
2020-03-29 12:44:22.740  INFO 18164 --- [main] s.d.s.w.s.ApiListingReferenceScanner     : Scanning for api listing references
2020-03-29 12:44:22.997  INFO 18164 --- [main] o.s.b.w.embedded.tomcat.TomcatWebServer  : Tomcat started on port(s): 8888 (http) with context path ''
2020-03-29 12:44:23.001  INFO 18164 --- [main] com.jie.Application                      : Started Application in 8.252 seconds (JVM running for 8.995)
2020-03-29 12:44:39.700  INFO 18164 --- [http-nio-8888-exec-1] o.a.c.c.C.[Tomcat].[localhost].[/]       : Initializing Spring DispatcherServlet 'dispatcherServlet'
2020-03-29 12:44:39.700  INFO 18164 --- [http-nio-8888-exec-1] o.s.web.servlet.DispatcherServlet        : Initializing Servlet 'dispatcherServlet'
2020-03-29 12:44:39.706  INFO 18164 --- [http-nio-8888-exec-1] o.s.web.servlet.DispatcherServlet        : Completed initialization in 6 ms
2020-03-29 13:50:16.066  INFO 8392 --- [main] com.jie.Application                      : Starting Application on DESKTOP-BNH1UPR with PID 8392 (started by Shinelon in F:\学习\第二学期\spiderdemo)
2020-03-29 13:50:16.070  INFO 8392 --- [main] com.jie.Application                      : No active profile set, falling back to default profiles: default
2020-03-29 13:50:17.330  INFO 8392 --- [main] trationDelegate$BeanPostProcessorChecker : Bean 'org.springframework.transaction.annotation.ProxyTransactionManagementConfiguration' of type [org.springframework.transaction.annotation.ProxyTransactionManagementConfiguration] is not eligible for getting processed by all BeanPostProcessors (for example: not eligible for auto-proxying)
2020-03-29 13:50:18.612  INFO 8392 --- [main] o.s.b.w.embedded.tomcat.TomcatWebServer  : Tomcat initialized with port(s): 8888 (http)
2020-03-29 13:50:18.622  INFO 8392 --- [main] o.apache.catalina.core.StandardService   : Starting service [Tomcat]
2020-03-29 13:50:18.623  INFO 8392 --- [main] org.apache.catalina.core.StandardEngine  : Starting Servlet engine: [Apache Tomcat/9.0.29]
2020-03-29 13:50:18.765  INFO 8392 --- [main] o.a.c.c.C.[Tomcat].[localhost].[/]       : Initializing Spring embedded WebApplicationContext
2020-03-29 13:50:18.765  INFO 8392 --- [main] o.s.web.context.ContextLoader            : Root WebApplicationContext: initialization completed in 2604 ms
2020-03-29 13:50:19.279  INFO 8392 --- [main] com.zaxxer.hikari.HikariDataSource       : HikariPool-1 - Starting...
2020-03-29 13:50:19.388  INFO 8392 --- [main] com.zaxxer.hikari.HikariDataSource       : HikariPool-1 - Start completed.
2020-03-29 13:50:23.216  INFO 8392 --- [main] pertySourcedRequestMappingHandlerMapping : Mapped URL path [/v2/api-docs] onto method [springfox.documentation.swagger2.web.Swagger2Controller#getDocumentation(String, HttpServletRequest)]
2020-03-29 13:50:23.301  INFO 8392 --- [main] o.s.s.concurrent.ThreadPoolTaskExecutor  : Initializing ExecutorService 'applicationTaskExecutor'
2020-03-29 13:50:23.471  INFO 8392 --- [main] d.s.w.p.DocumentationPluginsBootstrapper : Context refreshed
2020-03-29 13:50:23.485  INFO 8392 --- [main] d.s.w.p.DocumentationPluginsBootstrapper : Found 1 custom documentation plugin(s)
2020-03-29 13:50:23.515  INFO 8392 --- [main] s.d.s.w.s.ApiListingReferenceScanner     : Scanning for api listing references
2020-03-29 13:50:23.741  INFO 8392 --- [main] o.s.b.w.embedded.tomcat.TomcatWebServer  : Tomcat started on port(s): 8888 (http) with context path ''
2020-03-29 13:50:23.744  INFO 8392 --- [main] com.jie.Application                      : Started Application in 8.376 seconds (JVM running for 9.091)
2020-03-29 13:56:24.781  INFO 8392 --- [http-nio-8888-exec-1] o.a.c.c.C.[Tomcat].[localhost].[/]       : Initializing Spring DispatcherServlet 'dispatcherServlet'
2020-03-29 13:56:24.782  INFO 8392 --- [http-nio-8888-exec-1] o.s.web.servlet.DispatcherServlet        : Initializing Servlet 'dispatcherServlet'
2020-03-29 13:56:24.788  INFO 8392 --- [http-nio-8888-exec-1] o.s.web.servlet.DispatcherServlet        : Completed initialization in 6 ms
2020-03-29 13:56:24.871  INFO 8392 --- [http-nio-8888-exec-2] Logger                                   : first:null
2020-03-29 13:58:00.054  INFO 8392 --- [http-nio-8888-exec-5] Logger                                   : first:null
2020-03-29 14:00:03.056  INFO 8392 --- [http-nio-8888-exec-7] Logger                                   : first:null
2020-03-29 14:01:50.851  INFO 8392 --- [http-nio-8888-exec-9] Logger                                   : first:null
2020-03-29 14:36:47.861  INFO 8392 --- [http-nio-8888-exec-2] Logger                                   : first:null
2020-03-29 14:39:31.463  INFO 8392 --- [http-nio-8888-exec-5] Logger                                   : admin 123456
2020-03-29 14:39:31.627  INFO 8392 --- [http-nio-8888-exec-5] Logger                                   : admin 登录成功
2020-03-29 14:43:49.823  INFO 8392 --- [http-nio-8888-exec-10] Logger                                   : first:null
2020-03-29 14:44:49.242  INFO 15836 --- [main] com.jie.Application                      : Starting Application on DESKTOP-BNH1UPR with PID 15836 (started by Shinelon in F:\学习\第二学期\spiderdemo)
2020-03-29 14:44:49.246  INFO 15836 --- [main] com.jie.Application                      : No active profile set, falling back to default profiles: default
2020-03-29 14:44:50.454  INFO 15836 --- [main] trationDelegate$BeanPostProcessorChecker : Bean 'org.springframework.transaction.annotation.ProxyTransactionManagementConfiguration' of type [org.springframework.transaction.annotation.ProxyTransactionManagementConfiguration] is not eligible for getting processed by all BeanPostProcessors (for example: not eligible for auto-proxying)
2020-03-29 14:44:51.836  INFO 15836 --- [main] o.s.b.w.embedded.tomcat.TomcatWebServer  : Tomcat initialized with port(s): 8888 (http)
2020-03-29 14:44:51.846  INFO 15836 --- [main] o.apache.catalina.core.StandardService   : Starting service [Tomcat]
2020-03-29 14:44:51.847  INFO 15836 --- [main] org.apache.catalina.core.StandardEngine  : Starting Servlet engine: [Apache Tomcat/9.0.29]
2020-03-29 14:44:52.000  INFO 15836 --- [main] o.a.c.c.C.[Tomcat].[localhost].[/]       : Initializing Spring embedded WebApplicationContext
2020-03-29 14:44:52.000  INFO 15836 --- [main] o.s.web.context.ContextLoader            : Root WebApplicationContext: initialization completed in 2679 ms
2020-03-29 14:44:52.507  INFO 15836 --- [main] com.zaxxer.hikari.HikariDataSource       : HikariPool-1 - Starting...
2020-03-29 14:44:52.629  INFO 15836 --- [main] com.zaxxer.hikari.HikariDataSource       : HikariPool-1 - Start completed.
2020-03-29 14:44:55.693  INFO 15836 --- [main] pertySourcedRequestMappingHandlerMapping : Mapped URL path [/v2/api-docs] onto method [springfox.documentation.swagger2.web.Swagger2Controller#getDocumentation(String, HttpServletRequest)]
2020-03-29 14:44:55.777  INFO 15836 --- [main] o.s.s.concurrent.ThreadPoolTaskExecutor  : Initializing ExecutorService 'applicationTaskExecutor'
2020-03-29 14:44:55.939  INFO 15836 --- [main] d.s.w.p.DocumentationPluginsBootstrapper : Context refreshed
2020-03-29 14:44:55.952  INFO 15836 --- [main] d.s.w.p.DocumentationPluginsBootstrapper : Found 1 custom documentation plugin(s)
2020-03-29 14:44:55.996  INFO 15836 --- [main] s.d.s.w.s.ApiListingReferenceScanner     : Scanning for api listing references
2020-03-29 14:44:56.222  INFO 15836 --- [main] o.s.b.w.embedded.tomcat.TomcatWebServer  : Tomcat started on port(s): 8888 (http) with context path ''
2020-03-29 14:44:56.225  INFO 15836 --- [main] com.jie.Application                      : Started Application in 7.695 seconds (JVM running for 8.613)
2020-03-29 14:45:04.072  INFO 15836 --- [http-nio-8888-exec-1] o.a.c.c.C.[Tomcat].[localhost].[/]       : Initializing Spring DispatcherServlet 'dispatcherServlet'
2020-03-29 14:45:04.072  INFO 15836 --- [http-nio-8888-exec-1] o.s.web.servlet.DispatcherServlet        : Initializing Servlet 'dispatcherServlet'
2020-03-29 14:45:04.079  INFO 15836 --- [http-nio-8888-exec-1] o.s.web.servlet.DispatcherServlet        : Completed initialization in 7 ms
2020-03-29 14:45:04.144  INFO 15836 --- [http-nio-8888-exec-1] Logger                                   : first:null
2020-03-29 14:46:03.136  INFO 15836 --- [http-nio-8888-exec-2] Logger                                   : first:null
2020-03-29 14:47:10.280  INFO 2108 --- [main] com.jie.Application                      : Starting Application on DESKTOP-BNH1UPR with PID 2108 (started by Shinelon in F:\学习\第二学期\spiderdemo)
2020-03-29 14:47:10.284  INFO 2108 --- [main] com.jie.Application                      : No active profile set, falling back to default profiles: default
2020-03-29 14:47:11.736  INFO 2108 --- [main] trationDelegate$BeanPostProcessorChecker : Bean 'org.springframework.transaction.annotation.ProxyTransactionManagementConfiguration' of type [org.springframework.transaction.annotation.ProxyTransactionManagementConfiguration] is not eligible for getting processed by all BeanPostProcessors (for example: not eligible for auto-proxying)
2020-03-29 14:47:13.165  INFO 2108 --- [main] o.s.b.w.embedded.tomcat.TomcatWebServer  : Tomcat initialized with port(s): 8888 (http)
2020-03-29 14:47:13.180  INFO 2108 --- [main] o.apache.catalina.core.StandardService   : Starting service [Tomcat]
2020-03-29 14:47:13.180  INFO 2108 --- [main] org.apache.catalina.core.StandardEngine  : Starting Servlet engine: [Apache Tomcat/9.0.29]
2020-03-29 14:47:13.368  INFO 2108 --- [main] o.a.c.c.C.[Tomcat].[localhost].[/]       : Initializing Spring embedded WebApplicationContext
2020-03-29 14:47:13.369  INFO 2108 --- [main] o.s.web.context.ContextLoader            : Root WebApplicationContext: initialization completed in 2981 ms
2020-03-29 14:47:13.947  INFO 2108 --- [main] com.zaxxer.hikari.HikariDataSource       : HikariPool-1 - Starting...
2020-03-29 14:47:14.064  INFO 2108 --- [main] com.zaxxer.hikari.HikariDataSource       : HikariPool-1 - Start completed.
2020-03-29 14:47:17.807  INFO 2108 --- [main] pertySourcedRequestMappingHandlerMapping : Mapped URL path [/v2/api-docs] onto method [springfox.documentation.swagger2.web.Swagger2Controller#getDocumentation(String, HttpServletRequest)]
2020-03-29 14:47:17.900  INFO 2108 --- [main] o.s.s.concurrent.ThreadPoolTaskExecutor  : Initializing ExecutorService 'applicationTaskExecutor'
2020-03-29 14:47:18.032  INFO 2108 --- [main] d.s.w.p.DocumentationPluginsBootstrapper : Context refreshed
2020-03-29 14:47:18.091  INFO 2108 --- [main] d.s.w.p.DocumentationPluginsBootstrapper : Found 1 custom documentation plugin(s)
2020-03-29 14:47:18.122  INFO 2108 --- [main] s.d.s.w.s.ApiListingReferenceScanner     : Scanning for api listing references
2020-03-29 14:47:18.352  INFO 2108 --- [main] o.s.b.w.embedded.tomcat.TomcatWebServer  : Tomcat started on port(s): 8888 (http) with context path ''
2020-03-29 14:47:18.355  INFO 2108 --- [main] com.jie.Application                      : Started Application in 8.76 seconds (JVM running for 9.554)
2020-03-29 14:47:45.398  INFO 2108 --- [http-nio-8888-exec-1] o.a.c.c.C.[Tomcat].[localhost].[/]       : Initializing Spring DispatcherServlet 'dispatcherServlet'
2020-03-29 14:47:45.399  INFO 2108 --- [http-nio-8888-exec-1] o.s.web.servlet.DispatcherServlet        : Initializing Servlet 'dispatcherServlet'
2020-03-29 14:47:45.405  INFO 2108 --- [http-nio-8888-exec-1] o.s.web.servlet.DispatcherServlet        : Completed initialization in 6 ms
2020-03-29 14:47:45.482  INFO 2108 --- [http-nio-8888-exec-1] Logger                                   : 1 123456
2020-03-29 14:47:45.665  INFO 2108 --- [http-nio-8888-exec-1] Logger                                   : admin 登录成功
2020-03-29 14:48:36.275  INFO 2108 --- [http-nio-8888-exec-2] Logger                                   : 2 123456
2020-03-29 14:48:36.283  INFO 2108 --- [http-nio-8888-exec-2] Logger                                   : admin 登录成功
2020-03-29 14:51:47.817  INFO 2108 --- [http-nio-8888-exec-4] Logger                                   : first:null
2020-03-29 14:56:50.532  INFO 2108 --- [http-nio-8888-exec-6] Logger                                   : first:1
2020-03-29 15:01:37.962  INFO 18712 --- [main] com.jie.Application                      : Starting Application on DESKTOP-BNH1UPR with PID 18712 (started by Shinelon in F:\学习\第二学期\spiderdemo)
2020-03-29 15:01:37.965  INFO 18712 --- [main] com.jie.Application                      : No active profile set, falling back to default profiles: default
2020-03-29 15:01:39.102  INFO 18712 --- [main] trationDelegate$BeanPostProcessorChecker : Bean 'org.springframework.transaction.annotation.ProxyTransactionManagementConfiguration' of type [org.springframework.transaction.annotation.ProxyTransactionManagementConfiguration] is not eligible for getting processed by all BeanPostProcessors (for example: not eligible for auto-proxying)
2020-03-29 15:01:40.347  INFO 18712 --- [main] o.s.b.w.embedded.tomcat.TomcatWebServer  : Tomcat initialized with port(s): 8888 (http)
2020-03-29 15:01:40.356  INFO 18712 --- [main] o.apache.catalina.core.StandardService   : Starting service [Tomcat]
2020-03-29 15:01:40.357  INFO 18712 --- [main] org.apache.catalina.core.StandardEngine  : Starting Servlet engine: [Apache Tomcat/9.0.29]
2020-03-29 15:01:40.498  INFO 18712 --- [main] o.a.c.c.C.[Tomcat].[localhost].[/]       : Initializing Spring embedded WebApplicationContext
2020-03-29 15:01:40.498  INFO 18712 --- [main] o.s.web.context.ContextLoader            : Root WebApplicationContext: initialization completed in 2463 ms
2020-03-29 15:01:41.015  INFO 18712 --- [main] com.zaxxer.hikari.HikariDataSource       : HikariPool-1 - Starting...
2020-03-29 15:01:41.134  INFO 18712 --- [main] com.zaxxer.hikari.HikariDataSource       : HikariPool-1 - Start completed.
2020-03-29 15:01:44.965  INFO 18712 --- [main] pertySourcedRequestMappingHandlerMapping : Mapped URL path [/v2/api-docs] onto method [springfox.documentation.swagger2.web.Swagger2Controller#getDocumentation(String, HttpServletRequest)]
2020-03-29 15:01:45.049  INFO 18712 --- [main] o.s.s.concurrent.ThreadPoolTaskExecutor  : Initializing ExecutorService 'applicationTaskExecutor'
2020-03-29 15:01:45.177  INFO 18712 --- [main] d.s.w.p.DocumentationPluginsBootstrapper : Context refreshed
2020-03-29 15:01:45.238  INFO 18712 --- [main] d.s.w.p.DocumentationPluginsBootstrapper : Found 1 custom documentation plugin(s)
2020-03-29 15:01:45.276  INFO 18712 --- [main] s.d.s.w.s.ApiListingReferenceScanner     : Scanning for api listing references
2020-03-29 15:01:45.503  INFO 18712 --- [main] o.s.b.w.embedded.tomcat.TomcatWebServer  : Tomcat started on port(s): 8888 (http) with context path ''
2020-03-29 15:01:45.508  INFO 18712 --- [main] com.jie.Application                      : Started Application in 8.235 seconds (JVM running for 9.115)
2020-03-29 15:01:54.722  INFO 18712 --- [http-nio-8888-exec-1] o.a.c.c.C.[Tomcat].[localhost].[/]       : Initializing Spring DispatcherServlet 'dispatcherServlet'
2020-03-29 15:01:54.722  INFO 18712 --- [http-nio-8888-exec-1] o.s.web.servlet.DispatcherServlet        : Initializing Servlet 'dispatcherServlet'
2020-03-29 15:01:54.727  INFO 18712 --- [http-nio-8888-exec-1] o.s.web.servlet.DispatcherServlet        : Completed initialization in 5 ms
2020-03-29 15:01:54.776  INFO 18712 --- [http-nio-8888-exec-1] Logger                                   : 关键字： %E9%B1%BC=
2020-03-29 15:03:40.391  INFO 18712 --- [http-nio-8888-exec-3] Logger                                   : 关键字： {"data":"鱼"}
2020-03-29 15:04:43.245  INFO 18712 --- [http-nio-8888-exec-5] Logger                                   : 关键字： {"data":"水果"}
2020-03-29 15:09:01.926  INFO 12504 --- [main] com.jie.Application                      : Starting Application on DESKTOP-BNH1UPR with PID 12504 (started by Shinelon in F:\学习\第二学期\spiderdemo)
2020-03-29 15:09:01.930  INFO 12504 --- [main] com.jie.Application                      : No active profile set, falling back to default profiles: default
2020-03-29 15:09:03.183  INFO 12504 --- [main] trationDelegate$BeanPostProcessorChecker : Bean 'org.springframework.transaction.annotation.ProxyTransactionManagementConfiguration' of type [org.springframework.transaction.annotation.ProxyTransactionManagementConfiguration] is not eligible for getting processed by all BeanPostProcessors (for example: not eligible for auto-proxying)
2020-03-29 15:09:04.469  INFO 12504 --- [main] o.s.b.w.embedded.tomcat.TomcatWebServer  : Tomcat initialized with port(s): 8888 (http)
2020-03-29 15:09:04.479  INFO 12504 --- [main] o.apache.catalina.core.StandardService   : Starting service [Tomcat]
2020-03-29 15:09:04.479  INFO 12504 --- [main] org.apache.catalina.core.StandardEngine  : Starting Servlet engine: [Apache Tomcat/9.0.29]
2020-03-29 15:09:04.627  INFO 12504 --- [main] o.a.c.c.C.[Tomcat].[localhost].[/]       : Initializing Spring embedded WebApplicationContext
2020-03-29 15:09:04.627  INFO 12504 --- [main] o.s.web.context.ContextLoader            : Root WebApplicationContext: initialization completed in 2634 ms
2020-03-29 15:09:05.162  INFO 12504 --- [main] com.zaxxer.hikari.HikariDataSource       : HikariPool-1 - Starting...
2020-03-29 15:09:05.286  INFO 12504 --- [main] com.zaxxer.hikari.HikariDataSource       : HikariPool-1 - Start completed.
2020-03-29 15:09:08.983  INFO 12504 --- [main] pertySourcedRequestMappingHandlerMapping : Mapped URL path [/v2/api-docs] onto method [springfox.documentation.swagger2.web.Swagger2Controller#getDocumentation(String, HttpServletRequest)]
2020-03-29 15:09:09.076  INFO 12504 --- [main] o.s.s.concurrent.ThreadPoolTaskExecutor  : Initializing ExecutorService 'applicationTaskExecutor'
2020-03-29 15:09:09.269  INFO 12504 --- [main] d.s.w.p.DocumentationPluginsBootstrapper : Context refreshed
2020-03-29 15:09:09.287  INFO 12504 --- [main] d.s.w.p.DocumentationPluginsBootstrapper : Found 1 custom documentation plugin(s)
2020-03-29 15:09:09.327  INFO 12504 --- [main] s.d.s.w.s.ApiListingReferenceScanner     : Scanning for api listing references
2020-03-29 15:09:09.590  INFO 12504 --- [main] o.s.b.w.embedded.tomcat.TomcatWebServer  : Tomcat started on port(s): 8888 (http) with context path ''
2020-03-29 15:09:09.594  INFO 12504 --- [main] com.jie.Application                      : Started Application in 8.39 seconds (JVM running for 9.113)
2020-03-29 15:10:39.402  INFO 12504 --- [http-nio-8888-exec-1] o.a.c.c.C.[Tomcat].[localhost].[/]       : Initializing Spring DispatcherServlet 'dispatcherServlet'
2020-03-29 15:10:39.402  INFO 12504 --- [http-nio-8888-exec-1] o.s.web.servlet.DispatcherServlet        : Initializing Servlet 'dispatcherServlet'
2020-03-29 15:10:39.408  INFO 12504 --- [http-nio-8888-exec-1] o.s.web.servlet.DispatcherServlet        : Completed initialization in 6 ms
2020-03-29 15:10:39.479  INFO 12504 --- [http-nio-8888-exec-1] Logger                                   : 关键字： null
2020-03-29 15:11:55.984  INFO 9704 --- [main] com.jie.Application                      : Starting Application on DESKTOP-BNH1UPR with PID 9704 (started by Shinelon in F:\学习\第二学期\spiderdemo)
2020-03-29 15:11:55.987  INFO 9704 --- [main] com.jie.Application                      : No active profile set, falling back to default profiles: default
2020-03-29 15:11:57.169  INFO 9704 --- [main] trationDelegate$BeanPostProcessorChecker : Bean 'org.springframework.transaction.annotation.ProxyTransactionManagementConfiguration' of type [org.springframework.transaction.annotation.ProxyTransactionManagementConfiguration] is not eligible for getting processed by all BeanPostProcessors (for example: not eligible for auto-proxying)
2020-03-29 15:11:58.419  INFO 9704 --- [main] o.s.b.w.embedded.tomcat.TomcatWebServer  : Tomcat initialized with port(s): 8888 (http)
2020-03-29 15:11:58.428  INFO 9704 --- [main] o.apache.catalina.core.StandardService   : Starting service [Tomcat]
2020-03-29 15:11:58.429  INFO 9704 --- [main] org.apache.catalina.core.StandardEngine  : Starting Servlet engine: [Apache Tomcat/9.0.29]
2020-03-29 15:11:58.612  INFO 9704 --- [main] o.a.c.c.C.[Tomcat].[localhost].[/]       : Initializing Spring embedded WebApplicationContext
2020-03-29 15:11:58.612  INFO 9704 --- [main] o.s.web.context.ContextLoader            : Root WebApplicationContext: initialization completed in 2545 ms
2020-03-29 15:11:59.127  INFO 9704 --- [main] com.zaxxer.hikari.HikariDataSource       : HikariPool-1 - Starting...
2020-03-29 15:11:59.232  INFO 9704 --- [main] com.zaxxer.hikari.HikariDataSource       : HikariPool-1 - Start completed.
2020-03-29 15:12:02.545  INFO 9704 --- [main] pertySourcedRequestMappingHandlerMapping : Mapped URL path [/v2/api-docs] onto method [springfox.documentation.swagger2.web.Swagger2Controller#getDocumentation(String, HttpServletRequest)]
2020-03-29 15:12:02.692  INFO 9704 --- [main] o.s.s.concurrent.ThreadPoolTaskExecutor  : Initializing ExecutorService 'applicationTaskExecutor'
2020-03-29 15:12:02.818  INFO 9704 --- [main] d.s.w.p.DocumentationPluginsBootstrapper : Context refreshed
2020-03-29 15:12:02.833  INFO 9704 --- [main] d.s.w.p.DocumentationPluginsBootstrapper : Found 1 custom documentation plugin(s)
2020-03-29 15:12:02.866  INFO 9704 --- [main] s.d.s.w.s.ApiListingReferenceScanner     : Scanning for api listing references
2020-03-29 15:12:03.094  INFO 9704 --- [main] o.s.b.w.embedded.tomcat.TomcatWebServer  : Tomcat started on port(s): 8888 (http) with context path ''
2020-03-29 15:12:03.099  INFO 9704 --- [main] com.jie.Application                      : Started Application in 7.746 seconds (JVM running for 8.427)
2020-03-29 15:12:18.011  INFO 9704 --- [http-nio-8888-exec-1] o.a.c.c.C.[Tomcat].[localhost].[/]       : Initializing Spring DispatcherServlet 'dispatcherServlet'
2020-03-29 15:12:18.011  INFO 9704 --- [http-nio-8888-exec-1] o.s.web.servlet.DispatcherServlet        : Initializing Servlet 'dispatcherServlet'
2020-03-29 15:12:18.017  INFO 9704 --- [http-nio-8888-exec-1] o.s.web.servlet.DispatcherServlet        : Completed initialization in 6 ms
2020-03-29 15:12:18.112  INFO 9704 --- [http-nio-8888-exec-2] Logger                                   : 关键字： 水果
2020-03-29 15:13:20.434  INFO 9704 --- [http-nio-8888-exec-6] Logger                                   : 分类： 1 2 3 4
2020-03-29 15:52:25.052  INFO 4592 --- [main] com.jie.Application                      : Starting Application on DESKTOP-BNH1UPR with PID 4592 (started by Shinelon in F:\学习\第二学期\spiderdemo)
2020-03-29 15:52:25.056  INFO 4592 --- [main] com.jie.Application                      : No active profile set, falling back to default profiles: default
2020-03-29 15:52:26.169  INFO 4592 --- [main] trationDelegate$BeanPostProcessorChecker : Bean 'org.springframework.transaction.annotation.ProxyTransactionManagementConfiguration' of type [org.springframework.transaction.annotation.ProxyTransactionManagementConfiguration] is not eligible for getting processed by all BeanPostProcessors (for example: not eligible for auto-proxying)
2020-03-29 15:52:27.373  INFO 4592 --- [main] o.s.b.w.embedded.tomcat.TomcatWebServer  : Tomcat initialized with port(s): 8888 (http)
2020-03-29 15:52:27.383  INFO 4592 --- [main] o.apache.catalina.core.StandardService   : Starting service [Tomcat]
2020-03-29 15:52:27.383  INFO 4592 --- [main] org.apache.catalina.core.StandardEngine  : Starting Servlet engine: [Apache Tomcat/9.0.29]
2020-03-29 15:52:27.518  INFO 4592 --- [main] o.a.c.c.C.[Tomcat].[localhost].[/]       : Initializing Spring embedded WebApplicationContext
2020-03-29 15:52:27.518  INFO 4592 --- [main] o.s.web.context.ContextLoader            : Root WebApplicationContext: initialization completed in 2403 ms
2020-03-29 15:52:28.034  INFO 4592 --- [main] com.zaxxer.hikari.HikariDataSource       : HikariPool-1 - Starting...
2020-03-29 15:52:28.155  INFO 4592 --- [main] com.zaxxer.hikari.HikariDataSource       : HikariPool-1 - Start completed.
2020-03-29 15:52:31.978  INFO 4592 --- [main] pertySourcedRequestMappingHandlerMapping : Mapped URL path [/v2/api-docs] onto method [springfox.documentation.swagger2.web.Swagger2Controller#getDocumentation(String, HttpServletRequest)]
2020-03-29 15:52:32.067  INFO 4592 --- [main] o.s.s.concurrent.ThreadPoolTaskExecutor  : Initializing ExecutorService 'applicationTaskExecutor'
2020-03-29 15:52:32.188  INFO 4592 --- [main] d.s.w.p.DocumentationPluginsBootstrapper : Context refreshed
2020-03-29 15:52:32.201  INFO 4592 --- [main] d.s.w.p.DocumentationPluginsBootstrapper : Found 1 custom documentation plugin(s)
2020-03-29 15:52:32.281  INFO 4592 --- [main] s.d.s.w.s.ApiListingReferenceScanner     : Scanning for api listing references
2020-03-29 15:52:32.559  INFO 4592 --- [main] o.s.b.w.embedded.tomcat.TomcatWebServer  : Tomcat started on port(s): 8888 (http) with context path ''
2020-03-29 15:52:32.563  INFO 4592 --- [main] com.jie.Application                      : Started Application in 8.161 seconds (JVM running for 8.898)
2020-03-29 15:54:15.248  INFO 4592 --- [http-nio-8888-exec-1] o.a.c.c.C.[Tomcat].[localhost].[/]       : Initializing Spring DispatcherServlet 'dispatcherServlet'
2020-03-29 15:54:15.249  INFO 4592 --- [http-nio-8888-exec-1] o.s.web.servlet.DispatcherServlet        : Initializing Servlet 'dispatcherServlet'
2020-03-29 15:54:15.258  INFO 4592 --- [http-nio-8888-exec-1] o.s.web.servlet.DispatcherServlet        : Completed initialization in 8 ms
2020-03-29 16:53:01.756  INFO 9136 --- [main] com.jie.Application                      : Starting Application on DESKTOP-BNH1UPR with PID 9136 (started by Shinelon in F:\学习\第二学期\spiderdemo)
2020-03-29 16:53:01.760  INFO 9136 --- [main] com.jie.Application                      : No active profile set, falling back to default profiles: default
2020-03-29 16:53:02.858  INFO 9136 --- [main] trationDelegate$BeanPostProcessorChecker : Bean 'org.springframework.transaction.annotation.ProxyTransactionManagementConfiguration' of type [org.springframework.transaction.annotation.ProxyTransactionManagementConfiguration] is not eligible for getting processed by all BeanPostProcessors (for example: not eligible for auto-proxying)
2020-03-29 16:53:04.080  INFO 9136 --- [main] o.s.b.w.embedded.tomcat.TomcatWebServer  : Tomcat initialized with port(s): 8888 (http)
2020-03-29 16:53:04.091  INFO 9136 --- [main] o.apache.catalina.core.StandardService   : Starting service [Tomcat]
2020-03-29 16:53:04.092  INFO 9136 --- [main] org.apache.catalina.core.StandardEngine  : Starting Servlet engine: [Apache Tomcat/9.0.29]
2020-03-29 16:53:04.228  INFO 9136 --- [main] o.a.c.c.C.[Tomcat].[localhost].[/]       : Initializing Spring embedded WebApplicationContext
2020-03-29 16:53:04.230  INFO 9136 --- [main] o.s.web.context.ContextLoader            : Root WebApplicationContext: initialization completed in 2413 ms
2020-03-29 16:53:04.792  INFO 9136 --- [main] com.zaxxer.hikari.HikariDataSource       : HikariPool-1 - Starting...
2020-03-29 16:53:04.925  INFO 9136 --- [main] com.zaxxer.hikari.HikariDataSource       : HikariPool-1 - Start completed.
2020-03-29 16:53:08.656  INFO 9136 --- [main] pertySourcedRequestMappingHandlerMapping : Mapped URL path [/v2/api-docs] onto method [springfox.documentation.swagger2.web.Swagger2Controller#getDocumentation(String, HttpServletRequest)]
2020-03-29 16:53:08.769  INFO 9136 --- [main] o.s.s.concurrent.ThreadPoolTaskExecutor  : Initializing ExecutorService 'applicationTaskExecutor'
2020-03-29 16:53:08.967  INFO 9136 --- [main] d.s.w.p.DocumentationPluginsBootstrapper : Context refreshed
2020-03-29 16:53:08.980  INFO 9136 --- [main] d.s.w.p.DocumentationPluginsBootstrapper : Found 1 custom documentation plugin(s)
2020-03-29 16:53:09.007  INFO 9136 --- [main] s.d.s.w.s.ApiListingReferenceScanner     : Scanning for api listing references
2020-03-29 16:53:09.242  INFO 9136 --- [main] o.s.b.w.embedded.tomcat.TomcatWebServer  : Tomcat started on port(s): 8888 (http) with context path ''
2020-03-29 16:53:09.245  INFO 9136 --- [main] com.jie.Application                      : Started Application in 8.108 seconds (JVM running for 8.801)
2020-03-29 16:53:20.755  INFO 9136 --- [http-nio-8888-exec-1] o.a.c.c.C.[Tomcat].[localhost].[/]       : Initializing Spring DispatcherServlet 'dispatcherServlet'
2020-03-29 16:53:20.755  INFO 9136 --- [http-nio-8888-exec-1] o.s.web.servlet.DispatcherServlet        : Initializing Servlet 'dispatcherServlet'
2020-03-29 16:53:20.761  INFO 9136 --- [http-nio-8888-exec-1] o.s.web.servlet.DispatcherServlet        : Completed initialization in 6 ms
2020-03-29 17:30:08.247  INFO 8028 --- [main] com.jie.Application                      : Starting Application on DESKTOP-BNH1UPR with PID 8028 (started by Shinelon in F:\学习\第二学期\spiderdemo)
2020-03-29 17:30:08.250  INFO 8028 --- [main] com.jie.Application                      : No active profile set, falling back to default profiles: default
2020-03-29 17:30:09.402  INFO 8028 --- [main] trationDelegate$BeanPostProcessorChecker : Bean 'org.springframework.transaction.annotation.ProxyTransactionManagementConfiguration' of type [org.springframework.transaction.annotation.ProxyTransactionManagementConfiguration] is not eligible for getting processed by all BeanPostProcessors (for example: not eligible for auto-proxying)
2020-03-29 17:30:10.638  INFO 8028 --- [main] o.s.b.w.embedded.tomcat.TomcatWebServer  : Tomcat initialized with port(s): 8888 (http)
2020-03-29 17:30:10.648  INFO 8028 --- [main] o.apache.catalina.core.StandardService   : Starting service [Tomcat]
2020-03-29 17:30:10.648  INFO 8028 --- [main] org.apache.catalina.core.StandardEngine  : Starting Servlet engine: [Apache Tomcat/9.0.29]
2020-03-29 17:30:10.784  INFO 8028 --- [main] o.a.c.c.C.[Tomcat].[localhost].[/]       : Initializing Spring embedded WebApplicationContext
2020-03-29 17:30:10.785  INFO 8028 --- [main] o.s.web.context.ContextLoader            : Root WebApplicationContext: initialization completed in 2470 ms
2020-03-29 17:30:11.287  INFO 8028 --- [main] com.zaxxer.hikari.HikariDataSource       : HikariPool-1 - Starting...
2020-03-29 17:30:11.410  INFO 8028 --- [main] com.zaxxer.hikari.HikariDataSource       : HikariPool-1 - Start completed.
2020-03-29 17:30:14.942  INFO 8028 --- [main] pertySourcedRequestMappingHandlerMapping : Mapped URL path [/v2/api-docs] onto method [springfox.documentation.swagger2.web.Swagger2Controller#getDocumentation(String, HttpServletRequest)]
2020-03-29 17:30:15.026  INFO 8028 --- [main] o.s.s.concurrent.ThreadPoolTaskExecutor  : Initializing ExecutorService 'applicationTaskExecutor'
2020-03-29 17:30:15.191  INFO 8028 --- [main] d.s.w.p.DocumentationPluginsBootstrapper : Context refreshed
2020-03-29 17:30:15.205  INFO 8028 --- [main] d.s.w.p.DocumentationPluginsBootstrapper : Found 1 custom documentation plugin(s)
2020-03-29 17:30:15.241  INFO 8028 --- [main] s.d.s.w.s.ApiListingReferenceScanner     : Scanning for api listing references
2020-03-29 17:30:15.486  INFO 8028 --- [main] o.s.b.w.embedded.tomcat.TomcatWebServer  : Tomcat started on port(s): 8888 (http) with context path ''
2020-03-29 17:30:15.489  INFO 8028 --- [main] com.jie.Application                      : Started Application in 7.909 seconds (JVM running for 8.587)
2020-03-29 17:30:25.985  INFO 8028 --- [http-nio-8888-exec-1] o.a.c.c.C.[Tomcat].[localhost].[/]       : Initializing Spring DispatcherServlet 'dispatcherServlet'
2020-03-29 17:30:25.986  INFO 8028 --- [http-nio-8888-exec-1] o.s.web.servlet.DispatcherServlet        : Initializing Servlet 'dispatcherServlet'
2020-03-29 17:30:25.992  INFO 8028 --- [http-nio-8888-exec-1] o.s.web.servlet.DispatcherServlet        : Completed initialization in 6 ms
2020-03-29 17:33:22.040  INFO 9352 --- [main] com.jie.Application                      : Starting Application on DESKTOP-BNH1UPR with PID 9352 (started by Shinelon in F:\学习\第二学期\spiderdemo)
2020-03-29 17:33:22.043  INFO 9352 --- [main] com.jie.Application                      : No active profile set, falling back to default profiles: default
2020-03-29 17:33:23.405  INFO 9352 --- [main] trationDelegate$BeanPostProcessorChecker : Bean 'org.springframework.transaction.annotation.ProxyTransactionManagementConfiguration' of type [org.springframework.transaction.annotation.ProxyTransactionManagementConfiguration] is not eligible for getting processed by all BeanPostProcessors (for example: not eligible for auto-proxying)
2020-03-29 17:33:24.665  INFO 9352 --- [main] o.s.b.w.embedded.tomcat.TomcatWebServer  : Tomcat initialized with port(s): 8888 (http)
2020-03-29 17:33:24.675  INFO 9352 --- [main] o.apache.catalina.core.StandardService   : Starting service [Tomcat]
2020-03-29 17:33:24.675  INFO 9352 --- [main] org.apache.catalina.core.StandardEngine  : Starting Servlet engine: [Apache Tomcat/9.0.29]
2020-03-29 17:33:24.832  INFO 9352 --- [main] o.a.c.c.C.[Tomcat].[localhost].[/]       : Initializing Spring embedded WebApplicationContext
2020-03-29 17:33:24.832  INFO 9352 --- [main] o.s.web.context.ContextLoader            : Root WebApplicationContext: initialization completed in 2693 ms
2020-03-29 17:33:25.459  INFO 9352 --- [main] com.zaxxer.hikari.HikariDataSource       : HikariPool-1 - Starting...
2020-03-29 17:33:25.638  INFO 9352 --- [main] com.zaxxer.hikari.HikariDataSource       : HikariPool-1 - Start completed.
2020-03-29 17:33:29.729  INFO 9352 --- [main] pertySourcedRequestMappingHandlerMapping : Mapped URL path [/v2/api-docs] onto method [springfox.documentation.swagger2.web.Swagger2Controller#getDocumentation(String, HttpServletRequest)]
2020-03-29 17:33:29.914  INFO 9352 --- [main] o.s.s.concurrent.ThreadPoolTaskExecutor  : Initializing ExecutorService 'applicationTaskExecutor'
2020-03-29 17:33:30.070  INFO 9352 --- [main] d.s.w.p.DocumentationPluginsBootstrapper : Context refreshed
2020-03-29 17:33:30.086  INFO 9352 --- [main] d.s.w.p.DocumentationPluginsBootstrapper : Found 1 custom documentation plugin(s)
2020-03-29 17:33:30.130  INFO 9352 --- [main] s.d.s.w.s.ApiListingReferenceScanner     : Scanning for api listing references
2020-03-29 17:33:30.485  INFO 9352 --- [main] o.s.b.w.embedded.tomcat.TomcatWebServer  : Tomcat started on port(s): 8888 (http) with context path ''
2020-03-29 17:33:30.490  INFO 9352 --- [main] com.jie.Application                      : Started Application in 9.121 seconds (JVM running for 9.846)
2020-03-29 17:33:36.869  INFO 9352 --- [http-nio-8888-exec-1] o.a.c.c.C.[Tomcat].[localhost].[/]       : Initializing Spring DispatcherServlet 'dispatcherServlet'
2020-03-29 17:33:36.869  INFO 9352 --- [http-nio-8888-exec-1] o.s.web.servlet.DispatcherServlet        : Initializing Servlet 'dispatcherServlet'
2020-03-29 17:33:36.878  INFO 9352 --- [http-nio-8888-exec-1] o.s.web.servlet.DispatcherServlet        : Completed initialization in 9 ms
2020-03-29 20:44:23.207  INFO 19084 --- [main] com.jie.Application                      : Starting Application on DESKTOP-BNH1UPR with PID 19084 (started by Shinelon in F:\学习\第二学期\spiderdemo)
2020-03-29 20:44:23.211  INFO 19084 --- [main] com.jie.Application                      : No active profile set, falling back to default profiles: default
2020-03-29 20:44:24.287  INFO 19084 --- [main] trationDelegate$BeanPostProcessorChecker : Bean 'org.springframework.transaction.annotation.ProxyTransactionManagementConfiguration' of type [org.springframework.transaction.annotation.ProxyTransactionManagementConfiguration] is not eligible for getting processed by all BeanPostProcessors (for example: not eligible for auto-proxying)
2020-03-29 20:44:25.509  INFO 19084 --- [main] o.s.b.w.embedded.tomcat.TomcatWebServer  : Tomcat initialized with port(s): 8888 (http)
2020-03-29 20:44:25.518  INFO 19084 --- [main] o.apache.catalina.core.StandardService   : Starting service [Tomcat]
2020-03-29 20:44:25.521  INFO 19084 --- [main] org.apache.catalina.core.StandardEngine  : Starting Servlet engine: [Apache Tomcat/9.0.29]
2020-03-29 20:44:25.654  INFO 19084 --- [main] o.a.c.c.C.[Tomcat].[localhost].[/]       : Initializing Spring embedded WebApplicationContext
2020-03-29 20:44:25.655  INFO 19084 --- [main] o.s.web.context.ContextLoader            : Root WebApplicationContext: initialization completed in 2386 ms
2020-03-29 20:44:26.187  INFO 19084 --- [main] com.zaxxer.hikari.HikariDataSource       : HikariPool-1 - Starting...
2020-03-29 20:44:26.290  INFO 19084 --- [main] com.zaxxer.hikari.HikariDataSource       : HikariPool-1 - Start completed.
2020-03-29 20:44:30.093  INFO 19084 --- [main] pertySourcedRequestMappingHandlerMapping : Mapped URL path [/v2/api-docs] onto method [springfox.documentation.swagger2.web.Swagger2Controller#getDocumentation(String, HttpServletRequest)]
2020-03-29 20:44:30.179  INFO 19084 --- [main] o.s.s.concurrent.ThreadPoolTaskExecutor  : Initializing ExecutorService 'applicationTaskExecutor'
2020-03-29 20:44:30.348  INFO 19084 --- [main] d.s.w.p.DocumentationPluginsBootstrapper : Context refreshed
2020-03-29 20:44:30.362  INFO 19084 --- [main] d.s.w.p.DocumentationPluginsBootstrapper : Found 1 custom documentation plugin(s)
2020-03-29 20:44:30.390  INFO 19084 --- [main] s.d.s.w.s.ApiListingReferenceScanner     : Scanning for api listing references
2020-03-29 20:44:30.686  INFO 19084 --- [main] o.s.b.w.embedded.tomcat.TomcatWebServer  : Tomcat started on port(s): 8888 (http) with context path ''
2020-03-29 20:44:30.690  INFO 19084 --- [main] com.jie.Application                      : Started Application in 8.142 seconds (JVM running for 8.831)
2020-03-29 20:44:41.731  INFO 19084 --- [http-nio-8888-exec-1] o.a.c.c.C.[Tomcat].[localhost].[/]       : Initializing Spring DispatcherServlet 'dispatcherServlet'
2020-03-29 20:44:41.732  INFO 19084 --- [http-nio-8888-exec-1] o.s.web.servlet.DispatcherServlet        : Initializing Servlet 'dispatcherServlet'
2020-03-29 20:44:41.739  INFO 19084 --- [http-nio-8888-exec-1] o.s.web.servlet.DispatcherServlet        : Completed initialization in 7 ms
2020-03-29 20:46:41.350  INFO 19084 --- [http-nio-8888-exec-5] Logger                                   : 分类： 1 2 3 4
2020-03-29 20:47:02.657  INFO 19084 --- [http-nio-8888-exec-10] Logger                                   : admin 123456
2020-03-29 20:47:02.782  INFO 19084 --- [http-nio-8888-exec-10] Logger                                   : admin 登录成功
